SF:lib/controller/http_controller.dart
DA:7,1
DA:10,2
DA:12,1
DA:13,2
DA:16,2
DA:17,2
DA:19,3
DA:23,1
DA:24,1
DA:25,1
DA:38,2
DA:44,2
LF:12
LH:12
end_of_record
SF:lib/model/users.dart
DA:9,2
DA:17,2
DA:18,2
DA:19,4
DA:20,4
DA:21,4
DA:22,4
DA:23,2
DA:24,4
DA:25,4
DA:31,2
DA:32,4
DA:41,5
DA:49,2
DA:50,2
DA:51,4
DA:52,2
DA:53,2
DA:54,2
DA:55,2
DA:59,1
DA:60,2
LF:22
LH:22
end_of_record
SF:lib/service/http_service.dart
DA:6,1
DA:10,1
DA:12,2
DA:13,2
DA:15,2
DA:16,2
DA:17,1
DA:20,1
DA:23,2
LF:9
LH:9
end_of_record
SF:lib/widget/user_tile.dart
DA:7,3
DA:14,3
DA:16,3
DA:17,6
DA:18,6
DA:19,3
DA:21,6
LF:7
LH:7
end_of_record
SF:lib/widget/user_list.dart
DA:8,2
DA:10,2
DA:12,2
DA:13,2
DA:14,2
DA:15,4
DA:16,2
DA:17,4
DA:18,2
DA:19,6
DA:20,2
DA:21,2
LF:12
LH:12
end_of_record
SF:lib/screen/loading_screen.dart
DA:7,1
DA:9,1
DA:11,1
DA:12,1
DA:13,3
DA:16,1
DA:22,1
DA:24,1
DA:26,1
DA:27,1
DA:28,1
DA:29,2
DA:30,1
DA:31,2
DA:32,1
DA:35,3
DA:36,2
DA:37,1
DA:38,1
DA:40,2
DA:42,2
DA:43,4
LF:22
LH:22
end_of_record
